Using pre-set license
Built from '2021.3/staging' branch; Version is '2021.3.15f1 (e8e88683f834) revision 15263878'; Using compiler version '192829333'; Build Type 'Release'
OS: 'Windows 10  (10.0.19043) 64bit Professional' Language: 'en' Physical Memory: 16250 MB
BatchMode: 1, IsHumanControllingUs: 0, StartBugReporterOnCrash: 0, Is64bit: 1, IsPro: 1

COMMAND LINE ARGUMENTS:
D:\Program Files\Unity\2021.3.15f1\Editor\Unity.exe
-adb2
-batchMode
-noUpm
-name
AssetImportWorker4
-projectPath
D:/Unity/Development/ML_Tut_01
-logFile
Logs/AssetImportWorker4.log
-srvPort
57359
Successfully changed project path to: D:/Unity/Development/ML_Tut_01
D:/Unity/Development/ML_Tut_01
[UnityMemory] Configuration Parameters - Can be set up in boot.config
    "memorysetup-bucket-allocator-granularity=16"
    "memorysetup-bucket-allocator-bucket-count=8"
    "memorysetup-bucket-allocator-block-size=33554432"
    "memorysetup-bucket-allocator-block-count=8"
    "memorysetup-main-allocator-block-size=16777216"
    "memorysetup-thread-allocator-block-size=16777216"
    "memorysetup-gfx-main-allocator-block-size=16777216"
    "memorysetup-gfx-thread-allocator-block-size=16777216"
    "memorysetup-cache-allocator-block-size=4194304"
    "memorysetup-typetree-allocator-block-size=2097152"
    "memorysetup-profiler-bucket-allocator-granularity=16"
    "memorysetup-profiler-bucket-allocator-bucket-count=8"
    "memorysetup-profiler-bucket-allocator-block-size=33554432"
    "memorysetup-profiler-bucket-allocator-block-count=8"
    "memorysetup-profiler-allocator-block-size=16777216"
    "memorysetup-profiler-editor-allocator-block-size=1048576"
    "memorysetup-temp-allocator-size-main=16777216"
    "memorysetup-job-temp-allocator-block-size=2097152"
    "memorysetup-job-temp-allocator-block-size-background=1048576"
    "memorysetup-job-temp-allocator-reduction-small-platforms=262144"
    "memorysetup-temp-allocator-size-background-worker=32768"
    "memorysetup-temp-allocator-size-job-worker=262144"
    "memorysetup-temp-allocator-size-preload-manager=33554432"
    "memorysetup-temp-allocator-size-nav-mesh-worker=65536"
    "memorysetup-temp-allocator-size-audio-worker=65536"
    "memorysetup-temp-allocator-size-cloud-worker=32768"
    "memorysetup-temp-allocator-size-gi-baking-worker=262144"
    "memorysetup-temp-allocator-size-gfx=262144"
Player connection [1588] Host "[IP] 192.168.1.186 [Port] 0 [Flags] 2 [Guid] 480443687 [EditorId] 480443687 [Version] 1048832 [Id] WindowsEditor(7,THIS) [Debug] 1 [PackageName] WindowsEditor [ProjectName] Editor" joined multi-casting on [225.0.0.222:54997]...

Player connection [1588] Host "[IP] 192.168.1.186 [Port] 0 [Flags] 2 [Guid] 480443687 [EditorId] 480443687 [Version] 1048832 [Id] WindowsEditor(7,THIS) [Debug] 1 [PackageName] WindowsEditor [ProjectName] Editor" joined alternative multi-casting on [225.0.0.222:34997]...

Refreshing native plugins compatible for Editor in 126.71 ms, found 4 plugins.
Preloading 0 native plugins for Editor in 0.00 ms.
Initialize engine version: 2021.3.15f1 (e8e88683f834)
[Subsystems] Discovering subsystems at path D:/Program Files/Unity/2021.3.15f1/Editor/Data/Resources/UnitySubsystems
[Subsystems] Discovering subsystems at path D:/Unity/Development/ML_Tut_01/Assets
GfxDevice: creating device client; threaded=0; jobified=0
Direct3D:
    Version:  Direct3D 11.0 [level 11.1]
    Renderer: NVIDIA GeForce GTX 1050 Ti (ID=0x1c8c)
    Vendor:   NVIDIA
    VRAM:     4017 MB
    Driver:   31.0.15.3141
Initialize mono
Mono path[0] = 'D:/Program Files/Unity/2021.3.15f1/Editor/Data/Managed'
Mono path[1] = 'D:/Program Files/Unity/2021.3.15f1/Editor/Data/MonoBleedingEdge/lib/mono/unityjit-win32'
Mono config path = 'D:/Program Files/Unity/2021.3.15f1/Editor/Data/MonoBleedingEdge/etc'
Using monoOptions --debugger-agent=transport=dt_socket,embedding=1,server=y,suspend=n,address=127.0.0.1:56124
Begin MonoManager ReloadAssembly
Registering precompiled unity dll's ...
Register platform support module: D:/Program Files/Unity/2021.3.15f1/Editor/Data/PlaybackEngines/WebGLSupport/UnityEditor.WebGL.Extensions.dll
Register platform support module: D:/Program Files/Unity/2021.3.15f1/Editor/Data/PlaybackEngines/WindowsStandaloneSupport/UnityEditor.WindowsStandalone.Extensions.dll
Registered in 0.004432 seconds.
Native extension for WindowsStandalone target not found
Native extension for WebGL target not found
Refreshing native plugins compatible for Editor in 122.32 ms, found 4 plugins.
Preloading 0 native plugins for Editor in 0.00 ms.
Mono: successfully reloaded assembly
- Completed reload, in  0.849 seconds
Domain Reload Profiling:
	ReloadAssembly (850ms)
		BeginReloadAssembly (97ms)
			ExecutionOrderSort (0ms)
			DisableScriptedObjects (0ms)
			BackupInstance (0ms)
			ReleaseScriptingObjects (0ms)
			CreateAndSetChildDomain (1ms)
		EndReloadAssembly (618ms)
			LoadAssemblies (95ms)
			RebuildTransferFunctionScriptingTraits (0ms)
			SetupTypeCache (137ms)
			ReleaseScriptCaches (0ms)
			RebuildScriptCaches (40ms)
			SetupLoadedEditorAssemblies (382ms)
				LogAssemblyErrors (0ms)
				InitializePlatformSupportModulesInManaged (12ms)
				SetLoadedEditorAssemblies (0ms)
				RefreshPlugins (122ms)
				BeforeProcessingInitializeOnLoad (1ms)
				ProcessInitializeOnLoadAttributes (187ms)
				ProcessInitializeOnLoadMethodAttributes (59ms)
				AfterProcessingInitializeOnLoad (0ms)
				EditorAssembliesLoaded (0ms)
			ExecutionOrderSort2 (0ms)
			AwakeInstancesAfterBackupRestoration (0ms)
Platform modules already initialized, skipping
Registering precompiled user dll's ...
Registered in 0.011425 seconds.
Begin MonoManager ReloadAssembly
Symbol file LoadedFromMemory doesn't match image D:\Unity\Development\ML_Tut_01\Library\PackageCache\com.unity.visualscripting@1.7.8\Editor\VisualScripting.Core\Dependencies\YamlDotNet\Unity.VisualScripting.YamlDotNet.dll
Symbol file LoadedFromMemory doesn't match image D:\Unity\Development\ML_Tut_01\Library\PackageCache\com.unity.visualscripting@1.7.8\Editor\VisualScripting.Core\Dependencies\DotNetZip\Unity.VisualScripting.IonicZip.dll
Native extension for WindowsStandalone target not found
Native extension for WebGL target not found
Refreshing native plugins compatible for Editor in 136.85 ms, found 4 plugins.
Preloading 0 native plugins for Editor in 0.00 ms.
Mono: successfully reloaded assembly
- Completed reload, in  3.973 seconds
Domain Reload Profiling:
	ReloadAssembly (3974ms)
		BeginReloadAssembly (152ms)
			ExecutionOrderSort (0ms)
			DisableScriptedObjects (8ms)
			BackupInstance (0ms)
			ReleaseScriptingObjects (0ms)
			CreateAndSetChildDomain (29ms)
		EndReloadAssembly (3566ms)
			LoadAssemblies (2125ms)
			RebuildTransferFunctionScriptingTraits (0ms)
			SetupTypeCache (533ms)
			ReleaseScriptCaches (2ms)
			RebuildScriptCaches (84ms)
			SetupLoadedEditorAssemblies (751ms)
				LogAssemblyErrors (0ms)
				InitializePlatformSupportModulesInManaged (7ms)
				SetLoadedEditorAssemblies (0ms)
				RefreshPlugins (137ms)
				BeforeProcessingInitializeOnLoad (151ms)
				ProcessInitializeOnLoadAttributes (345ms)
				ProcessInitializeOnLoadMethodAttributes (107ms)
				AfterProcessingInitializeOnLoad (5ms)
				EditorAssembliesLoaded (0ms)
			ExecutionOrderSort2 (0ms)
			AwakeInstancesAfterBackupRestoration (10ms)
Platform modules already initialized, skipping
========================================================================
Worker process is ready to serve import requests
Launched and connected shader compiler UnityShaderCompiler.exe after 0.12 seconds
Refreshing native plugins compatible for Editor in 1.44 ms, found 4 plugins.
Preloading 0 native plugins for Editor in 0.00 ms.
Unloading 4064 Unused Serialized files (Serialized files now loaded: 0)
Unloading 68 unused Assets / (22.8 MB). Loaded Objects now: 4482.
Memory consumption went from 197.8 MB to 175.0 MB.
Total: 10.703700 ms (FindLiveObjects: 0.497200 ms CreateObjectMapping: 0.510300 ms MarkObjects: 4.767100 ms  DeleteObjects: 4.927300 ms)

AssetImportParameters requested are different than current active one (requested -> active):
  custom:video-decoder-ogg-theora: a1e56fd34408186e4bbccfd4996cb3dc -> 
  custom:container-muxer-webm: aa71ff27fc2769a1b78a27578f13a17b -> 
  custom:container-demuxer-webm: 4f35f7cbe854078d1ac9338744f61a02 -> 
  custom:video-encoder-webm-vp8: eb34c28f22e8b96e1ab97ce403110664 -> 
  custom:audio-encoder-webm-vorbis: bf7c407c2cedff20999df2af8eb42d56 -> 
  custom:framework-win-MediaFoundation: 216162199b28c13a410421893ffa2e32 -> 
  custom:container-demuxer-ogg: 62fdf1f143b41e24485cea50d1cbac27 -> 
  custom:video-decoder-webm-vp8: 9c59270c3fd7afecdb556c50c9e8de78 -> 
  custom:audio-decoder-ogg-vorbis: bf7c407c2cedff20999df2af8eb42d56 -> 
========================================================================
Received Import Request.
  Time since last request: 13233.147175 seconds.
  path: Packages/com.unity.ml-agents/package.json
  artifactKey: Guid(e13b73fbfc8e74e4d87af46bf55d7df6) Importer(815301076,1909f56bfc062723c751e8b465ee728b)
Start importing Packages/com.unity.ml-agents/package.json using Guid(e13b73fbfc8e74e4d87af46bf55d7df6) Importer(815301076,1909f56bfc062723c751e8b465ee728b)  -> (artifact id: '8718b9ad500738f34c461b614cf903ec') in 0.137972 seconds 
========================================================================
Received Import Request.
  Time since last request: 272.853408 seconds.
  path: Packages/com.unity.ml-agents/Tests
  artifactKey: Guid(2715dc4ceb2c345df9ba92d799ae72ff) Importer(815301076,1909f56bfc062723c751e8b465ee728b)
Start importing Packages/com.unity.ml-agents/Tests using Guid(2715dc4ceb2c345df9ba92d799ae72ff) Importer(815301076,1909f56bfc062723c751e8b465ee728b)  -> (artifact id: '608b2ab6d0df1116fc54a86a3c5aee8c') in 0.110816 seconds 
========================================================================
Received Import Request.
  Time since last request: 3.363220 seconds.
  path: Packages/com.unity.ml-agents/Runtime
  artifactKey: Guid(a3a287cfa95bf4bdcad4997f7d48153b) Importer(815301076,1909f56bfc062723c751e8b465ee728b)
Start importing Packages/com.unity.ml-agents/Runtime using Guid(a3a287cfa95bf4bdcad4997f7d48153b) Importer(815301076,1909f56bfc062723c751e8b465ee728b)  -> (artifact id: 'b9e4f700f469bbaa31aab502c0f215eb') in 0.176440 seconds 
========================================================================
Received Import Request.
  Time since last request: 1.633371 seconds.
  path: Packages/com.unity.ml-agents/Plugins
  artifactKey: Guid(694794cb53c6c4bfc9b84ca5022f4ae2) Importer(815301076,1909f56bfc062723c751e8b465ee728b)
Start importing Packages/com.unity.ml-agents/Plugins using Guid(694794cb53c6c4bfc9b84ca5022f4ae2) Importer(815301076,1909f56bfc062723c751e8b465ee728b)  -> (artifact id: 'ae91e0a5bc6604bb5a3178634f5ef9e8') in 0.002000 seconds 
========================================================================
Received Import Request.
  Time since last request: 2.557841 seconds.
  path: Packages/com.unity.ml-agents/Editor
  artifactKey: Guid(e9de88a64ac5c4d2eb8955836199d61b) Importer(815301076,1909f56bfc062723c751e8b465ee728b)
Start importing Packages/com.unity.ml-agents/Editor using Guid(e9de88a64ac5c4d2eb8955836199d61b) Importer(815301076,1909f56bfc062723c751e8b465ee728b)  -> (artifact id: 'e3e602be8d0ed4e22e3facb56ac2eb00') in 0.003707 seconds 
========================================================================
Received Import Request.
  Time since last request: 107.465017 seconds.
  path: Packages/com.unity.ml-agents/Tests/Editor/TestModels/old_serialized_agent.prefab
  artifactKey: Guid(07e2de94fa37b49c3bdf7a21857c0f73) Importer(815301076,1909f56bfc062723c751e8b465ee728b)
Start importing Packages/com.unity.ml-agents/Tests/Editor/TestModels/old_serialized_agent.prefab using Guid(07e2de94fa37b49c3bdf7a21857c0f73) Importer(815301076,1909f56bfc062723c751e8b465ee728b)  -> (artifact id: 'd8eeef811a4b8738a3bd7dd2672a8bca') in 0.658591 seconds 
========================================================================
Received Import Request.
  Time since last request: 3.028583 seconds.
  path: Assets/Scenes/SampleScene.unity
  artifactKey: Guid(9fc0d4010bbf28b4594072e72b8655ab) Importer(815301076,1909f56bfc062723c751e8b465ee728b)
Start importing Assets/Scenes/SampleScene.unity using Guid(9fc0d4010bbf28b4594072e72b8655ab) Importer(815301076,1909f56bfc062723c751e8b465ee728b)  -> (artifact id: 'e55ccaa32d8e5c1de03c07a5412c8c3c') in 0.001517 seconds 
========================================================================
Received Import Request.
  Time since last request: 5.167267 seconds.
  path: Packages/com.unity.mathematics
  artifactKey: Guid(795e97ad99e2f6ffd2060ae1983b6f25) Importer(815301076,1909f56bfc062723c751e8b465ee728b)
Start importing Packages/com.unity.mathematics using Guid(795e97ad99e2f6ffd2060ae1983b6f25) Importer(815301076,1909f56bfc062723c751e8b465ee728b)  -> (artifact id: '823e52eecea17222d0bb6172901f0521') in 0.001511 seconds 
========================================================================
Received Import Request.
  Time since last request: 10.269459 seconds.
  path: Packages/com.unity.ml-agents/Samples
  artifactKey: Guid(9d62af5e1cd546d46bdf3f77fa0ca640) Importer(815301076,1909f56bfc062723c751e8b465ee728b)
Start importing Packages/com.unity.ml-agents/Samples using Guid(9d62af5e1cd546d46bdf3f77fa0ca640) Importer(815301076,1909f56bfc062723c751e8b465ee728b)  -> (artifact id: '97c9a58fc89c97a62fe676349155adc7') in 0.001588 seconds 
========================================================================
Received Import Request.
  Time since last request: 1.041599 seconds.
  path: Packages/com.unity.ml-agents/Samples/3DBall
  artifactKey: Guid(24bfc3be5b517084cbc5becfada12fb9) Importer(815301076,1909f56bfc062723c751e8b465ee728b)
Start importing Packages/com.unity.ml-agents/Samples/3DBall using Guid(24bfc3be5b517084cbc5becfada12fb9) Importer(815301076,1909f56bfc062723c751e8b465ee728b)  -> (artifact id: '3e733c2ebb9a393a6851b00e7947ebc5') in 0.001633 seconds 
========================================================================
Received Import Request.
  Time since last request: 1.354928 seconds.
  path: Packages/com.unity.ml-agents/Samples/3DBall/3DBall.unitypackage
  artifactKey: Guid(0f21567bac36bae42b03eb0378b0fe01) Importer(815301076,1909f56bfc062723c751e8b465ee728b)
Start importing Packages/com.unity.ml-agents/Samples/3DBall/3DBall.unitypackage using Guid(0f21567bac36bae42b03eb0378b0fe01) Importer(815301076,1909f56bfc062723c751e8b465ee728b)  -> (artifact id: '25e4ddc9e3455e4775e05462a083ad7d') in 0.086143 seconds 
========================================================================
Received Prepare
Registering precompiled user dll's ...
Registered in 0.010244 seconds.
Begin MonoManager ReloadAssembly
Symbol file LoadedFromMemory doesn't match image D:\Unity\Development\ML_Tut_01\Library\PackageCache\com.unity.visualscripting@1.7.8\Editor\VisualScripting.Core\Dependencies\YamlDotNet\Unity.VisualScripting.YamlDotNet.dll
Symbol file LoadedFromMemory doesn't match image D:\Unity\Development\ML_Tut_01\Library\PackageCache\com.unity.visualscripting@1.7.8\Editor\VisualScripting.Core\Dependencies\DotNetZip\Unity.VisualScripting.IonicZip.dll
Native extension for WindowsStandalone target not found
Native extension for WebGL target not found
Refreshing native plugins compatible for Editor in 0.79 ms, found 4 plugins.
Preloading 0 native plugins for Editor in 0.00 ms.
Mono: successfully reloaded assembly
- Completed reload, in  1.389 seconds
Domain Reload Profiling:
	ReloadAssembly (1390ms)
		BeginReloadAssembly (173ms)
			ExecutionOrderSort (0ms)
			DisableScriptedObjects (6ms)
			BackupInstance (0ms)
			ReleaseScriptingObjects (0ms)
			CreateAndSetChildDomain (55ms)
		EndReloadAssembly (1093ms)
			LoadAssemblies (110ms)
			RebuildTransferFunctionScriptingTraits (0ms)
			SetupTypeCache (470ms)
			ReleaseScriptCaches (1ms)
			RebuildScriptCaches (58ms)
			SetupLoadedEditorAssemblies (400ms)
				LogAssemblyErrors (0ms)
				InitializePlatformSupportModulesInManaged (15ms)
				SetLoadedEditorAssemblies (1ms)
				RefreshPlugins (1ms)
				BeforeProcessingInitializeOnLoad (80ms)
				ProcessInitializeOnLoadAttributes (268ms)
				ProcessInitializeOnLoadMethodAttributes (32ms)
				AfterProcessingInitializeOnLoad (4ms)
				EditorAssembliesLoaded (0ms)
			ExecutionOrderSort2 (0ms)
			AwakeInstancesAfterBackupRestoration (10ms)
Platform modules already initialized, skipping
Refreshing native plugins compatible for Editor in 4.57 ms, found 4 plugins.
Preloading 0 native plugins for Editor in 0.00 ms.
Unloading 4018 Unused Serialized files (Serialized files now loaded: 0)
Unloading 60 unused Assets / (22.8 MB). Loaded Objects now: 4493.
Memory consumption went from 198.1 MB to 175.3 MB.
Total: 9.077100 ms (FindLiveObjects: 0.503300 ms CreateObjectMapping: 0.485900 ms MarkObjects: 3.455700 ms  DeleteObjects: 4.630900 ms)

AssetImportParameters requested are different than current active one (requested -> active):
  custom:video-decoder-ogg-theora: a1e56fd34408186e4bbccfd4996cb3dc -> 
  custom:container-muxer-webm: aa71ff27fc2769a1b78a27578f13a17b -> 
  custom:container-demuxer-webm: 4f35f7cbe854078d1ac9338744f61a02 -> 
  custom:video-encoder-webm-vp8: eb34c28f22e8b96e1ab97ce403110664 -> 
  custom:audio-encoder-webm-vorbis: bf7c407c2cedff20999df2af8eb42d56 -> 
  custom:framework-win-MediaFoundation: 216162199b28c13a410421893ffa2e32 -> 
  custom:container-demuxer-ogg: 62fdf1f143b41e24485cea50d1cbac27 -> 
  custom:video-decoder-webm-vp8: 9c59270c3fd7afecdb556c50c9e8de78 -> 
  custom:audio-decoder-ogg-vorbis: bf7c407c2cedff20999df2af8eb42d56 -> 
========================================================================
Received Import Request.
  Time since last request: 110.597173 seconds.
  path: Assets/ML-Agents/Examples
  artifactKey: Guid(6ceba1d8b01d2ab4f9ecd62c5d56dbf7) Importer(815301076,1909f56bfc062723c751e8b465ee728b)
Start importing Assets/ML-Agents/Examples using Guid(6ceba1d8b01d2ab4f9ecd62c5d56dbf7) Importer(815301076,1909f56bfc062723c751e8b465ee728b)  -> (artifact id: '6a2916215adf97291b1860f705660a37') in 0.011533 seconds 
========================================================================
Received Import Request.
  Time since last request: 1.062983 seconds.
  path: Assets/ML-Agents/Examples/3DBall
  artifactKey: Guid(188842f26c1f9af47924bce0fcd01aa8) Importer(815301076,1909f56bfc062723c751e8b465ee728b)
Start importing Assets/ML-Agents/Examples/3DBall using Guid(188842f26c1f9af47924bce0fcd01aa8) Importer(815301076,1909f56bfc062723c751e8b465ee728b)  -> (artifact id: 'a657e09842b8369d07ad132164474158') in 0.001401 seconds 
========================================================================
Received Import Request.
  Time since last request: 23.067880 seconds.
  path: Assets/ML-Agents/Examples/3DBall/Scenes
  artifactKey: Guid(e5f9d24738aa68b4eabdc727f9eda249) Importer(815301076,1909f56bfc062723c751e8b465ee728b)
Start importing Assets/ML-Agents/Examples/3DBall/Scenes using Guid(e5f9d24738aa68b4eabdc727f9eda249) Importer(815301076,1909f56bfc062723c751e8b465ee728b)  -> (artifact id: '66b3707e463f77c8a9813ce16b1e691f') in 0.003733 seconds 
========================================================================
Received Import Request.
  Time since last request: 1.171802 seconds.
  path: Assets/ML-Agents/Examples/3DBall/Scenes/3DBall.unity
  artifactKey: Guid(b9ac0cbf961bf4dacbfa0aa9c0d60aaa) Importer(815301076,1909f56bfc062723c751e8b465ee728b)
Start importing Assets/ML-Agents/Examples/3DBall/Scenes/3DBall.unity using Guid(b9ac0cbf961bf4dacbfa0aa9c0d60aaa) Importer(815301076,1909f56bfc062723c751e8b465ee728b)  -> (artifact id: 'ad760fa0b81455a7491163af6c6af5e5') in 0.001919 seconds 
